Not Found: /error-qa-17839232987636595/
"GET /error-qa-17839232987636595/ HTTP/1.1" 404 18376
Not Found: /error-qa-17839233056932614/
"GET /error-qa-17839233056932614/ HTTP/1.1" 404 18376
Not Found: /favicon.ico
"GET /favicon.ico HTTP/1.1" 404 18328
Not Found: /ruta-falsa-qa-17839259494460151/
"GET /ruta-falsa-qa-17839259494460151/ HTTP/1.1" 404 18391
Not Found: /ruta-falsa-qa-17839259903601122/
"GET /ruta-falsa-qa-17839259903601122/ HTTP/1.1" 404 18391
Not Found: /ruta-falsa-qa-1783926008586889/
"GET /ruta-falsa-qa-1783926008586889/ HTTP/1.1" 404 18388
Not Found: /ruta-secreta-modificabilidad/
"GET /ruta-secreta-modificabilidad/ HTTP/1.1" 404 18382
Not Found: /ruta-secreta-modificabilidad/
"GET /ruta-secreta-modificabilidad/ HTTP/1.1" 404 18382
Not Found: /ruta-secreta-modificabilidad/
"GET /ruta-secreta-modificabilidad/ HTTP/1.1" 404 179
Not Found: /notas/
"GET /notas/ HTTP/1.1" 404 179
Internal Server Error: /crear-factura/
Traceback (most recent call last):
  File "C:\Users\danie\Downloads\SQA\SID-main\SID-main\venv\Lib\site-packages\django\core\handlers\exception.py", line 55, in inner
    response = get_response(request)
  File "C:\Users\danie\Downloads\SQA\SID-main\SID-main\venv\Lib\site-packages\django\core\handlers\base.py", line 198, in _get_response
    response = wrapped_callback(request, *callback_args, **callback_kwargs)
  File "C:\Users\danie\Downloads\SQA\SID-main\SID-main\venv\Lib\site-packages\django\views\generic\base.py", line 106, in view
    return self.dispatch(request, *args, **kwargs)
           ~~~~~~~~~~~~~^^^^^^^^^^^^^^^^^^^^^^^^^^
  File "C:\Users\danie\Downloads\SQA\SID-main\SID-main\venv\Lib\site-packages\django\views\generic\base.py", line 145, in dispatch
    return handler(request, *args, **kwargs)
  File "C:\Users\danie\Downloads\SQA\SID-main\SID-main\Backend\facturas\controllers.py", line 16, in get
    return render(request, self.plantilla_crear_factura, {
        'factura_form': factura_form,
        'formset': formset,
    })
  File "C:\Users\danie\Downloads\SQA\SID-main\SID-main\venv\Lib\site-packages\django\shortcuts.py", line 25, in render
    content = loader.render_to_string(template_name, context, request, using=using)
  File "C:\Users\danie\Downloads\SQA\SID-main\SID-main\venv\Lib\site-packages\django\template\loader.py", line 62, in render_to_string
    return template.render(context, request)
           ~~~~~~~~~~~~~~~^^^^^^^^^^^^^^^^^^
  File "C:\Users\danie\Downloads\SQA\SID-main\SID-main\venv\Lib\site-packages\django\template\backends\django.py", line 107, in render
    return self.template.render(context)
           ~~~~~~~~~~~~~~~~~~~~^^^^^^^^^
  File "C:\Users\danie\Downloads\SQA\SID-main\SID-main\venv\Lib\site-packages\django\template\base.py", line 174, in render
    return self._render(context)
           ~~~~~~~~~~~~^^^^^^^^^
  File "C:\Users\danie\Downloads\SQA\SID-main\SID-main\venv\Lib\site-packages\django\template\base.py", line 166, in _render
    return self.nodelist.render(context)
           ~~~~~~~~~~~~~~~~~~~~^^^^^^^^^
  File "C:\Users\danie\Downloads\SQA\SID-main\SID-main\venv\Lib\site-packages\django\template\base.py", line 1091, in render
    return SafeString("".join([node.render_annotated(context) for node in self]))
                               ~~~~~~~~~~~~~~~~~~~~~^^^^^^^^^
  File "C:\Users\danie\Downloads\SQA\SID-main\SID-main\venv\Lib\site-packages\django\template\base.py", line 1052, in render_annotated
    return self.render(context)
           ~~~~~~~~~~~^^^^^^^^^
  File "C:\Users\danie\Downloads\SQA\SID-main\SID-main\venv\Lib\site-packages\django\template\defaulttags.py", line 511, in render
    url = reverse(view_name, args=args, kwargs=kwargs, current_app=current_app)
  File "C:\Users\danie\Downloads\SQA\SID-main\SID-main\venv\Lib\site-packages\django\urls\base.py", line 98, in reverse
    resolved_url = resolver._reverse_with_prefix(view, prefix, *args, **kwargs)
  File "C:\Users\danie\Downloads\SQA\SID-main\SID-main\venv\Lib\site-packages\django\urls\resolvers.py", line 842, in _reverse_with_prefix
    raise NoReverseMatch(msg)
django.urls.exceptions.NoReverseMatch: Reverse for 'notas-dashboard' not found. 'notas-dashboard' is not a valid view function or pattern name.
"GET /crear-factura/ HTTP/1.1" 500 145
Not Found: /notas/
"GET /notas/ HTTP/1.1" 404 12702
Internal Server Error: /crear-factura/
Traceback (most recent call last):
  File "C:\Users\danie\Downloads\SQA\SID-main\SID-main\venv\Lib\site-packages\django\core\handlers\exception.py", line 55, in inner
    response = get_response(request)
  File "C:\Users\danie\Downloads\SQA\SID-main\SID-main\venv\Lib\site-packages\django\core\handlers\base.py", line 198, in _get_response
    response = wrapped_callback(request, *callback_args, **callback_kwargs)
  File "C:\Users\danie\Downloads\SQA\SID-main\SID-main\venv\Lib\site-packages\django\views\generic\base.py", line 106, in view
    return self.dispatch(request, *args, **kwargs)
           ~~~~~~~~~~~~~^^^^^^^^^^^^^^^^^^^^^^^^^^
  File "C:\Users\danie\Downloads\SQA\SID-main\SID-main\venv\Lib\site-packages\django\views\generic\base.py", line 145, in dispatch
    return handler(request, *args, **kwargs)
  File "C:\Users\danie\Downloads\SQA\SID-main\SID-main\Backend\facturas\controllers.py", line 16, in get
    return render(request, self.plantilla_crear_factura, {
        'factura_form': factura_form,
        'formset': formset,
    })
  File "C:\Users\danie\Downloads\SQA\SID-main\SID-main\venv\Lib\site-packages\django\shortcuts.py", line 25, in render
    content = loader.render_to_string(template_name, context, request, using=using)
  File "C:\Users\danie\Downloads\SQA\SID-main\SID-main\venv\Lib\site-packages\django\template\loader.py", line 62, in render_to_string
    return template.render(context, request)
           ~~~~~~~~~~~~~~~^^^^^^^^^^^^^^^^^^
  File "C:\Users\danie\Downloads\SQA\SID-main\SID-main\venv\Lib\site-packages\django\template\backends\django.py", line 107, in render
    return self.template.render(context)
           ~~~~~~~~~~~~~~~~~~~~^^^^^^^^^
  File "C:\Users\danie\Downloads\SQA\SID-main\SID-main\venv\Lib\site-packages\django\template\base.py", line 174, in render
    return self._render(context)
           ~~~~~~~~~~~~^^^^^^^^^
  File "C:\Users\danie\Downloads\SQA\SID-main\SID-main\venv\Lib\site-packages\django\template\base.py", line 166, in _render
    return self.nodelist.render(context)
           ~~~~~~~~~~~~~~~~~~~~^^^^^^^^^
  File "C:\Users\danie\Downloads\SQA\SID-main\SID-main\venv\Lib\site-packages\django\template\base.py", line 1091, in render
    return SafeString("".join([node.render_annotated(context) for node in self]))
                               ~~~~~~~~~~~~~~~~~~~~~^^^^^^^^^
  File "C:\Users\danie\Downloads\SQA\SID-main\SID-main\venv\Lib\site-packages\django\template\base.py", line 1052, in render_annotated
    return self.render(context)
           ~~~~~~~~~~~^^^^^^^^^
  File "C:\Users\danie\Downloads\SQA\SID-main\SID-main\venv\Lib\site-packages\django\template\defaulttags.py", line 511, in render
    url = reverse(view_name, args=args, kwargs=kwargs, current_app=current_app)
  File "C:\Users\danie\Downloads\SQA\SID-main\SID-main\venv\Lib\site-packages\django\urls\base.py", line 98, in reverse
    resolved_url = resolver._reverse_with_prefix(view, prefix, *args, **kwargs)
  File "C:\Users\danie\Downloads\SQA\SID-main\SID-main\venv\Lib\site-packages\django\urls\resolvers.py", line 842, in _reverse_with_prefix
    raise NoReverseMatch(msg)
django.urls.exceptions.NoReverseMatch: Reverse for 'notas-dashboard' not found. 'notas-dashboard' is not a valid view function or pattern name.
"GET /crear-factura/ HTTP/1.1" 500 132423
